build/app/intermediates/manifest_merge_blame_file/release/manifest-merger-blame-release-report.txt
1<?xml version="1.0" encoding="utf-8"?>
2<manifest xmlns:android="http://schemas.android.com/apk/res/android"
3    package="com.example.hims_mobile"
4    android:versionCode="1"
5    android:versionName="1.0.0" >
6
7    <uses-sdk
8        android:minSdkVersion="16"
8-->src/main/AndroidManifest.xml
9        android:targetSdkVersion="28" />
9-->src/main/AndroidManifest.xml
10
11    <uses-permission android:name="android.permission.INTERNET" />
11-->src/main/AndroidManifest.xml:32:5-67
11-->src/main/AndroidManifest.xml:32:22-64
12    <uses-permission android:name="android.permission.READ_CALENDAR" />
12-->src/main/AndroidManifest.xml:33:5-72
12-->src/main/AndroidManifest.xml:33:22-69
13    <uses-permission android:name="android.permission.WRITE_CALENDAR" />
13-->src/main/AndroidManifest.xml:34:5-73
13-->src/main/AndroidManifest.xml:34:22-70
14    <uses-permission android:name="android.permission.READ_EXTERNAL_STORAGE" />
14-->[:image_picker] AndroidManifest.xml:7:5-80
14-->[:image_picker] AndroidManifest.xml:7:22-77
15    <uses-permission android:name="android.permission.WRITE_EXTERNAL_STORAGE" />
15-->[:image_picker] AndroidManifest.xml:8:5-81
15-->[:image_picker] AndroidManifest.xml:8:22-78
16    <!--
17 io.flutter.app.FlutterApplication is an android.app.Application that
18         calls FlutterMain.startInitialization(this); in its onCreate method.
19         In most cases you can leave this as-is, but you if you want to provide
20         additional functionality it is fine to subclass or reimplement
21         FlutterApplication and put your custom class here.
22    -->
23    <application
23-->src/main/AndroidManifest.xml:8:5-31:19
24        android:name="io.flutter.app.FlutterApplication"
24-->src/main/AndroidManifest.xml:9:9-57
25        android:appComponentFactory="androidx.core.app.CoreComponentFactory"
25-->[androidx.core:core:1.1.0] AndroidManifest.xml:24:18-86
26        android:icon="@mipmap/ic_launcher"
26-->src/main/AndroidManifest.xml:11:9-43
27        android:label="hims_mobile"
27-->src/main/AndroidManifest.xml:10:9-36
28        android:requestLegacyExternalStorage="true" >
28-->src/main/AndroidManifest.xml:12:9-52
29        <activity
29-->src/main/AndroidManifest.xml:14:9-25:20
30            android:name="com.example.hims_mobile.MainActivity"
30-->src/main/AndroidManifest.xml:15:13-41
31            android:configChanges="orientation|keyboardHidden|keyboard|screenSize|smallestScreenSize|locale|layoutDirection|fontScale|screenLayout|density|uiMode"
31-->src/main/AndroidManifest.xml:18:13-163
32            android:hardwareAccelerated="true"
32-->src/main/AndroidManifest.xml:19:13-47
33            android:launchMode="singleTop"
33-->src/main/AndroidManifest.xml:16:13-43
34            android:theme="@style/LaunchTheme"
34-->src/main/AndroidManifest.xml:17:13-47
35            android:windowSoftInputMode="adjustResize" >
35-->src/main/AndroidManifest.xml:20:13-55
36            <intent-filter>
36-->src/main/AndroidManifest.xml:21:13-24:29
37                <action android:name="android.intent.action.MAIN" />
37-->src/main/AndroidManifest.xml:22:17-68
37-->src/main/AndroidManifest.xml:22:25-66
38
39                <category android:name="android.intent.category.LAUNCHER" />
39-->src/main/AndroidManifest.xml:23:17-76
39-->src/main/AndroidManifest.xml:23:27-74
40            </intent-filter>
41        </activity>
42        <!--
43             Don't delete the meta-data below.
44             This is used by the Flutter tool to generate GeneratedPluginRegistrant.java
45        -->
46        <meta-data
46-->src/main/AndroidManifest.xml:28:9-30:33
47            android:name="flutterEmbedding"
47-->src/main/AndroidManifest.xml:29:13-44
48            android:value="2" />
48-->src/main/AndroidManifest.xml:30:13-30
49
50        <activity
50-->[:flutter_paystack] AndroidManifest.xml:10:9-12:54
51            android:name="co.paystack.flutterpaystack.AuthActivity"
51-->[:flutter_paystack] AndroidManifest.xml:11:13-68
52            android:theme="@style/Paystack.Dialog" />
52-->[:flutter_paystack] AndroidManifest.xml:12:13-51
53
54        <provider
54-->[:image_picker] AndroidManifest.xml:11:9-19:20
55            android:name="io.flutter.plugins.imagepicker.ImagePickerFileProvider"
55-->[:image_picker] AndroidManifest.xml:12:13-82
56            android:authorities="com.example.hims_mobile.flutter.image_provider"
56-->[:image_picker] AndroidManifest.xml:13:13-74
57            android:exported="false"
57-->[:image_picker] AndroidManifest.xml:14:13-37
58            android:grantUriPermissions="true" >
58-->[:image_picker] AndroidManifest.xml:15:13-47
59            <meta-data
59-->[:image_picker] AndroidManifest.xml:16:13-18:75
60                android:name="android.support.FILE_PROVIDER_PATHS"
60-->[:image_picker] AndroidManifest.xml:17:17-67
61                android:resource="@xml/flutter_image_picker_file_paths" />
61-->[:image_picker] AndroidManifest.xml:18:17-72
62        </provider>
63    </application>
64
65</manifest>